<?xml version="1.0" encoding="UTF-8" ?>
<testsuite tests="1" failures="0" name="HelloTest" time="5.421" errors="1" skipped="0">
  <properties>
[...]
</properties>
  <testcase classname="org.apache.maven.surefire.junit4.JUnit4Provider" name="HelloTest" time="5.421">
    <error message="javax/xml/bind/JAXBException" type="java.lang.NoClassDefFoundError">java.lang.NoClassDefFoundError: javax/xml/bind/JAXBException
	at org.apache.openejb.config.ConfigurationFactory.&lt;init&gt;(ConfigurationFactory.java:222)
	at org.apache.openejb.config.ConfigurationFactory.&lt;init&gt;(ConfigurationFactory.java:179)
	at org.apache.openejb.config.ConfigurationFactory.&lt;init&gt;(ConfigurationFactory.java:157)
	at org.apache.tomee.catalina.TomcatWebAppBuilder.&lt;init&gt;(TomcatWebAppBuilder.java:331)
	at org.apache.tomee.catalina.TomcatLoader.initialize(TomcatLoader.java:212)
	at org.apache.tomee.embedded.Container.start(Container.java:741)
	at org.apache.openejb.arquillian.embedded.EmbeddedTomEEContainer.start(EmbeddedTomEEContainer.java:135)
	at org.jboss.arquillian.container.impl.ContainerImpl.start(ContainerImpl.java:199)
	at org.jboss.arquillian.container.impl.client.container.ContainerLifecycleController$8.perform(ContainerLifecycleController.java:163)
	at org.jboss.arquillian.container.impl.client.container.ContainerLifecycleController$8.perform(ContainerLifecycleController.java:157)
	at org.jboss.arquillian.container.impl.client.container.ContainerLifecycleController.forContainer(ContainerLifecycleController.java:255)
	at org.jboss.arquillian.container.impl.client.container.ContainerLifecycleController.startContainer(ContainerLifecycleController.java:156)
	at java.base/jdk.internal.reflect.NativeMethodAccessorImpl.invoke0(Native Method)
	at java.base/jdk.internal.reflect.NativeMethodAccessorImpl.invoke(NativeMethodAccessorImpl.java:62)
	at java.base/jdk.internal.reflect.DelegatingMethodAccessorImpl.invoke(DelegatingMethodAccessorImpl.java:43)
	at java.base/java.lang.reflect.Method.invoke(Method.java:566)
	at org.jboss.arquillian.core.impl.ObserverImpl.invoke(ObserverImpl.java:96)
	at org.jboss.arquillian.core.impl.EventContextImpl.invokeObservers(EventContextImpl.java:99)
	at org.jboss.arquillian.core.impl.EventContextImpl.proceed(EventContextImpl.java:81)
	at org.jboss.arquillian.container.impl.client.ContainerDeploymentContextHandler.createContainerContext(ContainerDeploymentContextHandler.java:57)
	at java.base/jdk.internal.reflect.NativeMethodAccessorImpl.invoke0(Native Method)
	at java.base/jdk.internal.reflect.NativeMethodAccessorImpl.invoke(NativeMethodAccessorImpl.java:62)
	at java.base/jdk.internal.reflect.DelegatingMethodAccessorImpl.invoke(DelegatingMethodAccessorImpl.java:43)
	at java.base/java.lang.reflect.Method.invoke(Method.java:566)
	at org.jboss.arquillian.core.impl.ObserverImpl.invoke(ObserverImpl.java:96)
	at org.jboss.arquillian.core.impl.EventContextImpl.proceed(EventContextImpl.java:88)
	at org.jboss.arquillian.core.impl.ManagerImpl.fire(ManagerImpl.java:145)
	at org.jboss.arquillian.core.impl.ManagerImpl.fire(ManagerImpl.java:116)
	at org.jboss.arquillian.core.impl.EventImpl.fire(EventImpl.java:67)
	at org.jboss.arquillian.container.impl.client.container.ContainerLifecycleController$2.perform(ContainerLifecycleController.java:77)
	at org.jboss.arquillian.container.impl.client.container.ContainerLifecycleController$2.perform(ContainerLifecycleController.java:70)
	at org.jboss.arquillian.container.impl.client.container.ContainerLifecycleController.forEachSuiteContainer(ContainerLifecycleController.java:221)
	at org.jboss.arquillian.container.impl.client.container.ContainerLifecycleController.startSuiteContainers(ContainerLifecycleController.java:69)
	at java.base/jdk.internal.reflect.NativeMethodAccessorImpl.invoke0(Native Method)
	at java.base/jdk.internal.reflect.NativeMethodAccessorImpl.invoke(NativeMethodAccessorImpl.java:62)
	at java.base/jdk.internal.reflect.DelegatingMethodAccessorImpl.invoke(DelegatingMethodAccessorImpl.java:43)
	at java.base/java.lang.reflect.Method.invoke(Method.java:566)
	at org.jboss.arquillian.core.impl.ObserverImpl.invoke(ObserverImpl.java:96)
	at org.jboss.arquillian.core.impl.EventContextImpl.invokeObservers(EventContextImpl.java:99)
	at org.jboss.arquillian.core.impl.EventContextImpl.proceed(EventContextImpl.java:81)
	at org.jboss.arquillian.core.impl.ManagerImpl.fire(ManagerImpl.java:145)
	at org.jboss.arquillian.core.impl.ManagerImpl.fire(ManagerImpl.java:116)
	at org.jboss.arquillian.core.impl.EventImpl.fire(EventImpl.java:67)
	at org.jboss.arquillian.container.test.impl.client.ContainerEventController.execute(ContainerEventController.java:86)
	at java.base/jdk.internal.reflect.NativeMethodAccessorImpl.invoke0(Native Method)
	at java.base/jdk.internal.reflect.NativeMethodAccessorImpl.invoke(NativeMethodAccessorImpl.java:62)
	at java.base/jdk.internal.reflect.DelegatingMethodAccessorImpl.invoke(DelegatingMethodAccessorImpl.java:43)
	at java.base/java.lang.reflect.Method.invoke(Method.java:566)
	at org.jboss.arquillian.core.impl.ObserverImpl.invoke(ObserverImpl.java:96)
	at org.jboss.arquillian.core.impl.EventContextImpl.invokeObservers(EventContextImpl.java:99)
	at org.jboss.arquillian.core.impl.EventContextImpl.proceed(EventContextImpl.java:81)
	at org.jboss.arquillian.test.impl.TestContextHandler.createSuiteContext(TestContextHandler.java:73)
	at java.base/jdk.internal.reflect.NativeMethodAccessorImpl.invoke0(Native Method)
	at java.base/jdk.internal.reflect.NativeMethodAccessorImpl.invoke(NativeMethodAccessorImpl.java:62)
	at java.base/jdk.internal.reflect.DelegatingMethodAccessorImpl.invoke(DelegatingMethodAccessorImpl.java:43)
	at java.base/java.lang.reflect.Method.invoke(Method.java:566)
	at org.jboss.arquillian.core.impl.ObserverImpl.invoke(ObserverImpl.java:96)
	at org.jboss.arquillian.core.impl.EventContextImpl.proceed(EventContextImpl.java:88)
	at org.jboss.arquillian.core.impl.ManagerImpl.fire(ManagerImpl.java:145)
	at org.jboss.arquillian.core.impl.ManagerImpl.fire(ManagerImpl.java:116)
	at org.jboss.arquillian.test.impl.EventTestRunnerAdaptor.beforeSuite(EventTestRunnerAdaptor.java:75)
	at org.jboss.arquillian.junit.Arquillian.run(Arquillian.java:116)
	at org.apache.maven.surefire.junit4.JUnit4Provider.execute(JUnit4Provider.java:252)
	at org.apache.maven.surefire.junit4.JUnit4Provider.executeTestSet(JUnit4Provider.java:141)
	at org.apache.maven.surefire.junit4.JUnit4Provider.invoke(JUnit4Provider.java:112)
	at java.base/jdk.internal.reflect.NativeMethodAccessorImpl.invoke0(Native Method)
	at java.base/jdk.internal.reflect.NativeMethodAccessorImpl.invoke(NativeMethodAccessorImpl.java:62)
	at java.base/jdk.internal.reflect.DelegatingMethodAccessorImpl.invoke(DelegatingMethodAccessorImpl.java:43)
	at java.base/java.lang.reflect.Method.invoke(Method.java:566)
	at org.apache.maven.surefire.util.ReflectionUtils.invokeMethodWithArray(ReflectionUtils.java:189)
	at org.apache.maven.surefire.booter.ProviderFactory$ProviderProxy.invoke(ProviderFactory.java:165)
	at org.apache.maven.surefire.booter.ProviderFactory.invokeProvider(ProviderFactory.java:85)
	at org.apache.maven.surefire.booter.ForkedBooter.runSuitesInProcess(ForkedBooter.java:115)
	at org.apache.maven.surefire.booter.ForkedBooter.main(ForkedBooter.java:75)
Caused by: java.lang.ClassNotFoundException: javax.xml.bind.JAXBException
	at java.base/jdk.internal.loader.BuiltinClassLoader.loadClass(BuiltinClassLoader.java:583)
	at java.base/jdk.internal.loader.ClassLoaders$AppClassLoader.loadClass(ClassLoaders.java:178)
	at java.base/java.lang.ClassLoader.loadClass(ClassLoader.java:521)
	... 74 more
Caused by: java.lang.ClassNotFoundException: javax.xml.bind.JAXBException
	at java.base/jdk.internal.loader.BuiltinClassLoader.loadClass(BuiltinClassLoader.java:583)
	at java.base/jdk.internal.loader.ClassLoaders$AppClassLoader.loadClass(ClassLoaders.java:178)
	at java.base/java.lang.ClassLoader.loadClass(ClassLoader.java:521)
	... 74 more
</error>
    <system-err>java.lang.IllegalStateException: Unable to initialize agent
	at org.apache.openejb.javaagent.Agent.checkInitialization(Agent.java:104)
	at org.apache.openejb.javaagent.Agent.getInstrumentation(Agent.java:94)
	at org.apache.tomee.embedded.Container.&lt;clinit&gt;(Container.java:128)
	at org.apache.openejb.arquillian.embedded.EmbeddedTomEEContainer.setup(EmbeddedTomEEContainer.java:71)
	at org.apache.openejb.arquillian.embedded.EmbeddedTomEEContainer.setup(EmbeddedTomEEContainer.java:51)
	at org.jboss.arquillian.container.impl.ContainerImpl.setup(ContainerImpl.java:181)
	at org.jboss.arquillian.container.impl.client.container.ContainerLifecycleController$7.perform(ContainerLifecycleController.java:149)
	at org.jboss.arquillian.container.impl.client.container.ContainerLifecycleController$7.perform(ContainerLifecycleController.java:145)
	at org.jboss.arquillian.container.impl.client.container.ContainerLifecycleController.forContainer(ContainerLifecycleController.java:255)
	at org.jboss.arquillian.container.impl.client.container.ContainerLifecycleController.setupContainer(ContainerLifecycleController.java:144)
	at java.base/jdk.internal.reflect.NativeMethodAccessorImpl.invoke0(Native Method)
	at java.base/jdk.internal.reflect.NativeMethodAccessorImpl.invoke(NativeMethodAccessorImpl.java:62)
	at java.base/jdk.internal.reflect.DelegatingMethodAccessorImpl.invoke(DelegatingMethodAccessorImpl.java:43)
	at java.base/java.lang.reflect.Method.invoke(Method.java:566)
	at org.jboss.arquillian.core.impl.ObserverImpl.invoke(ObserverImpl.java:96)
	at org.jboss.arquillian.core.impl.EventContextImpl.invokeObservers(EventContextImpl.java:99)
	at org.jboss.arquillian.core.impl.EventContextImpl.proceed(EventContextImpl.java:81)
	at org.jboss.arquillian.container.impl.client.ContainerDeploymentContextHandler.createContainerContext(ContainerDeploymentContextHandler.java:57)
	at java.base/jdk.internal.reflect.NativeMethodAccessorImpl.invoke0(Native Method)
	at java.base/jdk.internal.reflect.NativeMethodAccessorImpl.invoke(NativeMethodAccessorImpl.java:62)
	at java.base/jdk.internal.reflect.DelegatingMethodAccessorImpl.invoke(DelegatingMethodAccessorImpl.java:43)
	at java.base/java.lang.reflect.Method.invoke(Method.java:566)
	at org.jboss.arquillian.core.impl.ObserverImpl.invoke(ObserverImpl.java:96)
	at org.jboss.arquillian.core.impl.EventContextImpl.proceed(EventContextImpl.java:88)
	at org.jboss.arquillian.core.impl.ManagerImpl.fire(ManagerImpl.java:145)
	at org.jboss.arquillian.core.impl.ManagerImpl.fire(ManagerImpl.java:116)
	at org.jboss.arquillian.core.impl.EventImpl.fire(EventImpl.java:67)
	at org.jboss.arquillian.container.impl.client.container.ContainerLifecycleController$1.perform(ContainerLifecycleController.java:62)
	at org.jboss.arquillian.container.impl.client.container.ContainerLifecycleController$1.perform(ContainerLifecycleController.java:55)
	at org.jboss.arquillian.container.impl.client.container.ContainerLifecycleController.forEachContainer(ContainerLifecycleController.java:209)
	at org.jboss.arquillian.container.impl.client.container.ContainerLifecycleController.setupContainers(ContainerLifecycleController.java:54)
	at java.base/jdk.internal.reflect.NativeMethodAccessorImpl.invoke0(Native Method)
	at java.base/jdk.internal.reflect.NativeMethodAccessorImpl.invoke(NativeMethodAccessorImpl.java:62)
	at java.base/jdk.internal.reflect.DelegatingMethodAccessorImpl.invoke(DelegatingMethodAccessorImpl.java:43)
	at java.base/java.lang.reflect.Method.invoke(Method.java:566)
	at org.jboss.arquillian.core.impl.ObserverImpl.invoke(ObserverImpl.java:96)
	at org.jboss.arquillian.core.impl.EventContextImpl.invokeObservers(EventContextImpl.java:99)
	at org.jboss.arquillian.core.impl.EventContextImpl.proceed(EventContextImpl.java:81)
	at org.jboss.arquillian.core.impl.ManagerImpl.fire(ManagerImpl.java:145)
	at org.jboss.arquillian.core.impl.ManagerImpl.fire(ManagerImpl.java:116)
	at org.jboss.arquillian.core.impl.EventImpl.fire(EventImpl.java:67)
	at org.jboss.arquillian.container.test.impl.client.ContainerEventController.execute(ContainerEventController.java:85)
	at java.base/jdk.internal.reflect.NativeMethodAccessorImpl.invoke0(Native Method)
	at java.base/jdk.internal.reflect.NativeMethodAccessorImpl.invoke(NativeMethodAccessorImpl.java:62)
	at java.base/jdk.internal.reflect.DelegatingMethodAccessorImpl.invoke(DelegatingMethodAccessorImpl.java:43)
	at java.base/java.lang.reflect.Method.invoke(Method.java:566)
	at org.jboss.arquillian.core.impl.ObserverImpl.invoke(ObserverImpl.java:96)
	at org.jboss.arquillian.core.impl.EventContextImpl.invokeObservers(EventContextImpl.java:99)
	at org.jboss.arquillian.core.impl.EventContextImpl.proceed(EventContextImpl.java:81)
	at org.jboss.arquillian.test.impl.TestContextHandler.createSuiteContext(TestContextHandler.java:73)
	at java.base/jdk.internal.reflect.NativeMethodAccessorImpl.invoke0(Native Method)
	at java.base/jdk.internal.reflect.NativeMethodAccessorImpl.invoke(NativeMethodAccessorImpl.java:62)
	at java.base/jdk.internal.reflect.DelegatingMethodAccessorImpl.invoke(DelegatingMethodAccessorImpl.java:43)
	at java.base/java.lang.reflect.Method.invoke(Method.java:566)
	at org.jboss.arquillian.core.impl.ObserverImpl.invoke(ObserverImpl.java:96)
	at org.jboss.arquillian.core.impl.EventContextImpl.proceed(EventContextImpl.java:88)
	at org.jboss.arquillian.core.impl.ManagerImpl.fire(ManagerImpl.java:145)
	at org.jboss.arquillian.core.impl.ManagerImpl.fire(ManagerImpl.java:116)
	at org.jboss.arquillian.test.impl.EventTestRunnerAdaptor.beforeSuite(EventTestRunnerAdaptor.java:75)
	at org.jboss.arquillian.junit.Arquillian.run(Arquillian.java:116)
	at org.apache.maven.surefire.junit4.JUnit4Provider.execute(JUnit4Provider.java:252)
	at org.apache.maven.surefire.junit4.JUnit4Provider.executeTestSet(JUnit4Provider.java:141)
	at org.apache.maven.surefire.junit4.JUnit4Provider.invoke(JUnit4Provider.java:112)
	at java.base/jdk.internal.reflect.NativeMethodAccessorImpl.invoke0(Native Method)
	at java.base/jdk.internal.reflect.NativeMethodAccessorImpl.invoke(NativeMethodAccessorImpl.java:62)
	at java.base/jdk.internal.reflect.DelegatingMethodAccessorImpl.invoke(DelegatingMethodAccessorImpl.java:43)
	at java.base/java.lang.reflect.Method.invoke(Method.java:566)
	at org.apache.maven.surefire.util.ReflectionUtils.invokeMethodWithArray(ReflectionUtils.java:189)
	at org.apache.maven.surefire.booter.ProviderFactory$ProviderProxy.invoke(ProviderFactory.java:165)
	at org.apache.maven.surefire.booter.ProviderFactory.invokeProvider(ProviderFactory.java:85)
	at org.apache.maven.surefire.booter.ForkedBooter.runSuitesInProcess(ForkedBooter.java:115)
	at org.apache.maven.surefire.booter.ForkedBooter.main(ForkedBooter.java:75)
Caused by: java.lang.reflect.InvocationTargetException
	at java.base/jdk.internal.reflect.NativeMethodAccessorImpl.invoke0(Native Method)
	at java.base/jdk.internal.reflect.NativeMethodAccessorImpl.invoke(NativeMethodAccessorImpl.java:62)
	at java.base/jdk.internal.reflect.DelegatingMethodAccessorImpl.invoke(DelegatingMethodAccessorImpl.java:43)
	at java.base/java.lang.reflect.Method.invoke(Method.java:566)
	at org.apache.openejb.javaagent.Agent.dynamicLoadAgent(Agent.java:151)
	at org.apache.openejb.javaagent.Agent.checkInitialization(Agent.java:102)
	... 71 more
Caused by: java.io.IOException: Can not attach to current VM
	at jdk.attach/sun.tools.attach.HotSpotVirtualMachine.&lt;init&gt;(HotSpotVirtualMachine.java:75)
	at jdk.attach/sun.tools.attach.VirtualMachineImpl.&lt;init&gt;(VirtualMachineImpl.java:57)
	at jdk.attach/sun.tools.attach.AttachProviderImpl.attachVirtualMachine(AttachProviderImpl.java:58)
	at jdk.attach/com.sun.tools.attach.VirtualMachine.attach(VirtualMachine.java:207)
	... 77 more
Oct 19, 2019 1:36:54 AM org.apache.tomee.embedded.Container start
INFO: Starting TomEE from: /tmp/arquillian-apache-tomee
Oct 19, 2019 1:36:55 AM org.apache.coyote.AbstractProtocol init
INFO: Initializing ProtocolHandler [&quot;http-nio-8080&quot;]
Oct 19, 2019 1:36:55 AM org.apache.tomcat.util.net.NioSelectorPool getSharedSelector
INFO: Using a shared selector for servlet write/read
Oct 19, 2019 1:36:55 AM org.apache.catalina.core.StandardService startInternal
INFO: Starting service Tomcat
Oct 19, 2019 1:36:55 AM org.apache.catalina.core.StandardEngine startInternal
INFO: Starting Servlet Engine: Apache Tomcat/8.5.6
Oct 19, 2019 1:36:55 AM org.apache.coyote.AbstractProtocol start
INFO: Starting ProtocolHandler [http-nio-8080]
Oct 19, 2019 1:36:56 AM org.apache.openejb.util.OptionsLog info
INFO: Using &apos;openejb.jdbc.datasource-creator=org.apache.tomee.jdbc.TomEEDataSourceCreator&apos;
</system-err>
  </testcase>
</testsuite>